<?xml version="1.0" encoding="UTF-8"?>
<robot generator="Robot 4.1.3 (Python 3.10.2 on win32)" generated="20220212 17:01:33.817" rpa="false" schemaversion="2">
<suite id="s1" name="Robotic Framework" source="C:\Users\Ramesh\Desktop\robotic_framework">
<suite id="s1-s1" name="Login Suite" source="C:\Users\Ramesh\Desktop\robotic_framework\login_suite">
<suite id="s1-s1-s1" name="Verify Valid Credential Suite" source="C:\Users\Ramesh\Desktop\robotic_framework\login_suite\verify_valid_credential_suite.robot">
<test id="s1-s1-s1-t1" name="TC1">
<status status="FAIL" starttime="20220212 17:01:34.573" endtime="20220212 17:01:34.576">Test case contains no keywords.</status>
</test>
<doc>This suit file handles all the test case related to the
valid credentials</doc>
<status status="FAIL" starttime="20220212 17:01:33.974" endtime="20220212 17:01:34.577"/>
</suite>
<status status="FAIL" starttime="20220212 17:01:33.969" endtime="20220212 17:01:34.580"/>
</suite>
<status status="FAIL" starttime="20220212 17:01:33.829" endtime="20220212 17:01:34.581"/>
</suite>
<statistics>
<total>
<stat pass="0" fail="1" skip="0">All Tests</stat>
</total>
<tag>
</tag>
<suite>
<stat pass="0" fail="1" skip="0" id="s1" name="Robotic Framework">Robotic Framework</stat>
<stat pass="0" fail="1" skip="0" id="s1-s1" name="Login Suite">Robotic Framework.Login Suite</stat>
<stat pass="0" fail="1" skip="0" id="s1-s1-s1" name="Verify Valid Credential Suite">Robotic Framework.Login Suite.Verify Valid Credential Suite</stat>
</suite>
</statistics>
<errors>
<msg timestamp="20220212 17:01:34.569" level="ERROR">[ DataDriver ] Error in robot file:
  File "C:\Users\Ramesh\Desktop\robotic_framework\login_suite\verify_valid_credential_suite.robot", line 0</msg>
<msg timestamp="20220212 17:01:34.569" level="ERROR">In source file:
  File "../test_data/verify_valid_credentials.csv", line 0</msg>
<msg timestamp="20220212 17:01:34.573" level="ERROR">Calling method '_start_suite' of listener 'DataDriver' failed: FileNotFoundError: File attribute was not a full path. Tried to find C:\Users\Ramesh\Desktop\robotic_framework\login_suite\../test_data/verify_valid_credentials.csv but file does not exist.</msg>
</errors>
</robot>
