<?xml version="1.0" encoding="UTF-8"?>
<robot generator="Robot 4.1.3 (Python 3.10.2 on win32)" generated="20220212 10:59:01.740" rpa="false" schemaversion="2">
<suite id="s1" name="Robotic Framework" source="C:\Users\Ramesh\Desktop\robotic_framework">
<suite id="s1-s1" name="Login Suite" source="C:\Users\Ramesh\Desktop\robotic_framework\login_suite">
<suite id="s1-s1-s1" name="Verify Invalid Credential Suite" source="C:\Users\Ramesh\Desktop\robotic_framework\login_suite\verify_invalid_credential_suite.robot">
<test id="s1-s1-s1-t1" name="TC1">
<kw name="Launch Browser" library="common_functionality" type="SETUP">
<kw name="Set Local Variable" library="BuiltIn">
<arg>${driver_path}</arg>
<arg>msedgedriver.exe</arg>
<doc>Makes a variable available everywhere within the local scope.</doc>
<msg timestamp="20220212 10:59:03.295" level="INFO">${driver_path} = msedgedriver.exe</msg>
<status status="PASS" starttime="20220212 10:59:03.294" endtime="20220212 10:59:03.295"/>
</kw>
<if>
<branch type="IF" condition="'${BROWSER_NAME}' == 'firefox'">
<kw name="Set Local Variable" library="BuiltIn">
<arg>${driver_path}</arg>
<arg>geckodriver</arg>
<doc>Makes a variable available everywhere within the local scope.</doc>
<status status="NOT RUN" starttime="20220212 10:59:03.296" endtime="20220212 10:59:03.296"/>
</kw>
<status status="NOT RUN" starttime="20220212 10:59:03.296" endtime="20220212 10:59:03.296"/>
</branch>
<branch type="ELSE IF" condition="'${BROWSER_NAME}' == 'chrome'">
<kw name="Set Local Variable" library="BuiltIn">
<arg>${driver_path}</arg>
<arg>chromedriver</arg>
<doc>Makes a variable available everywhere within the local scope.</doc>
<status status="NOT RUN" starttime="20220212 10:59:03.297" endtime="20220212 10:59:03.297"/>
</kw>
<status status="NOT RUN" starttime="20220212 10:59:03.297" endtime="20220212 10:59:03.297"/>
</branch>
<branch type="ELSE IF" condition="'${BROWSER_NAME}' == 'safari'">
<kw name="Set Local Variable" library="BuiltIn">
<arg>${driver_path}</arg>
<arg>safaridriver</arg>
<doc>Makes a variable available everywhere within the local scope.</doc>
<status status="NOT RUN" starttime="20220212 10:59:03.298" endtime="20220212 10:59:03.298"/>
</kw>
<status status="NOT RUN" starttime="20220212 10:59:03.297" endtime="20220212 10:59:03.298"/>
</branch>
<status status="PASS" starttime="20220212 10:59:03.295" endtime="20220212 10:59:03.298"/>
</if>
<kw name="Open Browser" library="SeleniumLibrary">
<arg>browser=${BROWSER_NAME}</arg>
<arg>executable_path=${EXECDIR}${/}drivers${/}${driver_path}</arg>
<doc>Opens a new browser instance to the optional ``url``.</doc>
<msg timestamp="20220212 10:59:03.299" level="INFO">Opening browser 'edge' to base url 'None'.</msg>
<status status="PASS" starttime="20220212 10:59:03.298" endtime="20220212 10:59:31.366"/>
</kw>
<kw name="Maximize Browser Window" library="SeleniumLibrary">
<doc>Maximizes current browser window.</doc>
<status status="PASS" starttime="20220212 10:59:31.367" endtime="20220212 10:59:31.945"/>
</kw>
<kw name="Set Selenium Implicit Wait" library="SeleniumLibrary">
<arg>30s</arg>
<doc>Sets the implicit wait value used by Selenium.</doc>
<status status="PASS" starttime="20220212 10:59:31.947" endtime="20220212 10:59:31.955"/>
</kw>
<kw name="Set Screenshot Directory" library="SeleniumLibrary">
<arg>${EXECDIR}${/}screenshot</arg>
<doc>Sets the directory for captured screenshots.</doc>
<status status="PASS" starttime="20220212 10:59:31.956" endtime="20220212 10:59:31.960"/>
</kw>
<kw name="Go To" library="SeleniumLibrary">
<arg>url=${URL}</arg>
<doc>Navigates the current browser window to the provided ``url``.</doc>
<msg timestamp="20220212 10:59:31.964" level="INFO">Opening url 'https://demo.openemr.io/b/openemr'</msg>
<status status="PASS" starttime="20220212 10:59:31.961" endtime="20220212 10:59:52.961"/>
</kw>
<status status="PASS" starttime="20220212 10:59:03.293" endtime="20220212 10:59:52.962"/>
</kw>
<kw name="Verify Invalid Credential Template">
<arg>John</arg>
<arg>john123</arg>
<arg>Dutch</arg>
<arg>Invalid username or password</arg>
<kw name="Input Text" library="SeleniumLibrary">
<arg>id=authUser</arg>
<arg>${username}</arg>
<doc>Types the given ``text`` into the text field identified by ``locator``.</doc>
<msg timestamp="20220212 10:59:52.967" level="INFO">Typing text 'John' into text field 'id=authUser'.</msg>
<status status="PASS" starttime="20220212 10:59:52.965" endtime="20220212 10:59:53.559"/>
</kw>
<kw name="Input Password" library="SeleniumLibrary">
<arg>id=clearPass</arg>
<arg>${password}</arg>
<doc>Types the given password into the text field identified by ``locator``.</doc>
<msg timestamp="20220212 10:59:53.562" level="INFO">Typing password into text field 'id=clearPass'.</msg>
<msg timestamp="20220212 10:59:53.780" level="INFO">Temporally setting log level to: NONE</msg>
<msg timestamp="20220212 10:59:54.028" level="INFO">Log level changed from NONE to INFO.</msg>
<status status="PASS" starttime="20220212 10:59:53.560" endtime="20220212 10:59:54.029"/>
</kw>
<kw name="Select From List By Label" library="SeleniumLibrary">
<arg>name=languageChoice</arg>
<arg>${language}</arg>
<doc>Selects options from selection list ``locator`` by ``labels``.</doc>
<msg timestamp="20220212 10:59:54.031" level="INFO">Selecting options from selection list 'name=languageChoice' by label Dutch.</msg>
<status status="PASS" starttime="20220212 10:59:54.030" endtime="20220212 10:59:54.350"/>
</kw>
<kw name="Click Element" library="SeleniumLibrary">
<arg>xpath=//button[@type='submit']</arg>
<doc>Click the element identified by ``locator``.</doc>
<msg timestamp="20220212 10:59:54.351" level="INFO">Clicking element 'xpath=//button[@type='submit']'.</msg>
<status status="PASS" starttime="20220212 10:59:54.350" endtime="20220212 10:59:55.945"/>
</kw>
<kw name="Element Should Contain" library="SeleniumLibrary">
<arg>//div[contains(text(),'Invalid')]</arg>
<arg>${expected_error}</arg>
<doc>Verifies that element ``locator`` contains text ``expected``.</doc>
<msg timestamp="20220212 10:59:56.052" level="INFO">Element '//div[contains(text(),'Invalid')]' contains text 'Invalid username or password'.</msg>
<status status="PASS" starttime="20220212 10:59:55.946" endtime="20220212 10:59:56.052"/>
</kw>
<status status="PASS" starttime="20220212 10:59:52.963" endtime="20220212 10:59:56.053"/>
</kw>
<kw name="End Browser" library="common_functionality" type="TEARDOWN">
<kw name="Close Browser" library="SeleniumLibrary">
<doc>Closes the current browser.</doc>
<status status="PASS" starttime="20220212 10:59:56.055" endtime="20220212 10:59:59.053"/>
</kw>
<status status="PASS" starttime="20220212 10:59:56.054" endtime="20220212 10:59:59.054"/>
</kw>
<status status="PASS" starttime="20220212 10:59:03.293" endtime="20220212 10:59:59.055"/>
</test>
<test id="s1-s1-s1-t2" name="TC2">
<kw name="Launch Browser" library="common_functionality" type="SETUP">
<kw name="Set Local Variable" library="BuiltIn">
<arg>${driver_path}</arg>
<arg>msedgedriver.exe</arg>
<doc>Makes a variable available everywhere within the local scope.</doc>
<msg timestamp="20220212 10:59:59.066" level="INFO">${driver_path} = msedgedriver.exe</msg>
<status status="PASS" starttime="20220212 10:59:59.061" endtime="20220212 10:59:59.066"/>
</kw>
<if>
<branch type="IF" condition="'${BROWSER_NAME}' == 'firefox'">
<kw name="Set Local Variable" library="BuiltIn">
<arg>${driver_path}</arg>
<arg>geckodriver</arg>
<doc>Makes a variable available everywhere within the local scope.</doc>
<status status="NOT RUN" starttime="20220212 10:59:59.068" endtime="20220212 10:59:59.069"/>
</kw>
<status status="NOT RUN" starttime="20220212 10:59:59.068" endtime="20220212 10:59:59.069"/>
</branch>
<branch type="ELSE IF" condition="'${BROWSER_NAME}' == 'chrome'">
<kw name="Set Local Variable" library="BuiltIn">
<arg>${driver_path}</arg>
<arg>chromedriver</arg>
<doc>Makes a variable available everywhere within the local scope.</doc>
<status status="NOT RUN" starttime="20220212 10:59:59.070" endtime="20220212 10:59:59.071"/>
</kw>
<status status="NOT RUN" starttime="20220212 10:59:59.070" endtime="20220212 10:59:59.071"/>
</branch>
<branch type="ELSE IF" condition="'${BROWSER_NAME}' == 'safari'">
<kw name="Set Local Variable" library="BuiltIn">
<arg>${driver_path}</arg>
<arg>safaridriver</arg>
<doc>Makes a variable available everywhere within the local scope.</doc>
<status status="NOT RUN" starttime="20220212 10:59:59.073" endtime="20220212 10:59:59.073"/>
</kw>
<status status="NOT RUN" starttime="20220212 10:59:59.072" endtime="20220212 10:59:59.073"/>
</branch>
<status status="PASS" starttime="20220212 10:59:59.067" endtime="20220212 10:59:59.073"/>
</if>
<kw name="Open Browser" library="SeleniumLibrary">
<arg>browser=${BROWSER_NAME}</arg>
<arg>executable_path=${EXECDIR}${/}drivers${/}${driver_path}</arg>
<doc>Opens a new browser instance to the optional ``url``.</doc>
<msg timestamp="20220212 10:59:59.077" level="INFO">Opening browser 'edge' to base url 'None'.</msg>
<status status="PASS" starttime="20220212 10:59:59.074" endtime="20220212 11:00:06.949"/>
</kw>
<kw name="Maximize Browser Window" library="SeleniumLibrary">
<doc>Maximizes current browser window.</doc>
<status status="PASS" starttime="20220212 11:00:06.949" endtime="20220212 11:00:07.083"/>
</kw>
<kw name="Set Selenium Implicit Wait" library="SeleniumLibrary">
<arg>30s</arg>
<doc>Sets the implicit wait value used by Selenium.</doc>
<status status="PASS" starttime="20220212 11:00:07.085" endtime="20220212 11:00:07.088"/>
</kw>
<kw name="Set Screenshot Directory" library="SeleniumLibrary">
<arg>${EXECDIR}${/}screenshot</arg>
<doc>Sets the directory for captured screenshots.</doc>
<status status="PASS" starttime="20220212 11:00:07.088" endtime="20220212 11:00:07.089"/>
</kw>
<kw name="Go To" library="SeleniumLibrary">
<arg>url=${URL}</arg>
<doc>Navigates the current browser window to the provided ``url``.</doc>
<msg timestamp="20220212 11:00:07.091" level="INFO">Opening url 'https://demo.openemr.io/b/openemr'</msg>
<status status="PASS" starttime="20220212 11:00:07.090" endtime="20220212 11:00:17.324"/>
</kw>
<status status="PASS" starttime="20220212 10:59:59.059" endtime="20220212 11:00:17.325"/>
</kw>
<kw name="Verify Invalid Credential Template">
<arg>peter</arg>
<arg>peter123</arg>
<arg>Danish</arg>
<arg>Invalid username or password</arg>
<kw name="Input Text" library="SeleniumLibrary">
<arg>id=authUser</arg>
<arg>${username}</arg>
<doc>Types the given ``text`` into the text field identified by ``locator``.</doc>
<msg timestamp="20220212 11:00:17.332" level="INFO">Typing text 'peter' into text field 'id=authUser'.</msg>
<status status="PASS" starttime="20220212 11:00:17.330" endtime="20220212 11:00:17.641"/>
</kw>
<kw name="Input Password" library="SeleniumLibrary">
<arg>id=clearPass</arg>
<arg>${password}</arg>
<doc>Types the given password into the text field identified by ``locator``.</doc>
<msg timestamp="20220212 11:00:17.643" level="INFO">Typing password into text field 'id=clearPass'.</msg>
<msg timestamp="20220212 11:00:17.844" level="INFO">Temporally setting log level to: NONE</msg>
<msg timestamp="20220212 11:00:17.939" level="INFO">Log level changed from NONE to INFO.</msg>
<status status="PASS" starttime="20220212 11:00:17.642" endtime="20220212 11:00:17.939"/>
</kw>
<kw name="Select From List By Label" library="SeleniumLibrary">
<arg>name=languageChoice</arg>
<arg>${language}</arg>
<doc>Selects options from selection list ``locator`` by ``labels``.</doc>
<msg timestamp="20220212 11:00:17.941" level="INFO">Selecting options from selection list 'name=languageChoice' by label Danish.</msg>
<status status="PASS" starttime="20220212 11:00:17.941" endtime="20220212 11:00:18.052"/>
</kw>
<kw name="Click Element" library="SeleniumLibrary">
<arg>xpath=//button[@type='submit']</arg>
<doc>Click the element identified by ``locator``.</doc>
<msg timestamp="20220212 11:00:18.053" level="INFO">Clicking element 'xpath=//button[@type='submit']'.</msg>
<status status="PASS" starttime="20220212 11:00:18.052" endtime="20220212 11:00:20.071"/>
</kw>
<kw name="Element Should Contain" library="SeleniumLibrary">
<arg>//div[contains(text(),'Invalid')]</arg>
<arg>${expected_error}</arg>
<doc>Verifies that element ``locator`` contains text ``expected``.</doc>
<msg timestamp="20220212 11:00:20.178" level="INFO">Element '//div[contains(text(),'Invalid')]' contains text 'Invalid username or password'.</msg>
<status status="PASS" starttime="20220212 11:00:20.072" endtime="20220212 11:00:20.179"/>
</kw>
<status status="PASS" starttime="20220212 11:00:17.326" endtime="20220212 11:00:20.179"/>
</kw>
<kw name="End Browser" library="common_functionality" type="TEARDOWN">
<kw name="Close Browser" library="SeleniumLibrary">
<doc>Closes the current browser.</doc>
<status status="PASS" starttime="20220212 11:00:20.181" endtime="20220212 11:00:22.571"/>
</kw>
<status status="PASS" starttime="20220212 11:00:20.180" endtime="20220212 11:00:22.572"/>
</kw>
<status status="PASS" starttime="20220212 10:59:59.057" endtime="20220212 11:00:22.573"/>
</test>
<test id="s1-s1-s1-t3" name="TC3">
<kw name="Launch Browser" library="common_functionality" type="SETUP">
<kw name="Set Local Variable" library="BuiltIn">
<arg>${driver_path}</arg>
<arg>msedgedriver.exe</arg>
<doc>Makes a variable available everywhere within the local scope.</doc>
<msg timestamp="20220212 11:00:22.584" level="INFO">${driver_path} = msedgedriver.exe</msg>
<status status="PASS" starttime="20220212 11:00:22.579" endtime="20220212 11:00:22.584"/>
</kw>
<if>
<branch type="IF" condition="'${BROWSER_NAME}' == 'firefox'">
<kw name="Set Local Variable" library="BuiltIn">
<arg>${driver_path}</arg>
<arg>geckodriver</arg>
<doc>Makes a variable available everywhere within the local scope.</doc>
<status status="NOT RUN" starttime="20220212 11:00:22.586" endtime="20220212 11:00:22.586"/>
</kw>
<status status="NOT RUN" starttime="20220212 11:00:22.585" endtime="20220212 11:00:22.586"/>
</branch>
<branch type="ELSE IF" condition="'${BROWSER_NAME}' == 'chrome'">
<kw name="Set Local Variable" library="BuiltIn">
<arg>${driver_path}</arg>
<arg>chromedriver</arg>
<doc>Makes a variable available everywhere within the local scope.</doc>
<status status="NOT RUN" starttime="20220212 11:00:22.588" endtime="20220212 11:00:22.588"/>
</kw>
<status status="NOT RUN" starttime="20220212 11:00:22.587" endtime="20220212 11:00:22.588"/>
</branch>
<branch type="ELSE IF" condition="'${BROWSER_NAME}' == 'safari'">
<kw name="Set Local Variable" library="BuiltIn">
<arg>${driver_path}</arg>
<arg>safaridriver</arg>
<doc>Makes a variable available everywhere within the local scope.</doc>
<status status="NOT RUN" starttime="20220212 11:00:22.589" endtime="20220212 11:00:22.590"/>
</kw>
<status status="NOT RUN" starttime="20220212 11:00:22.589" endtime="20220212 11:00:22.591"/>
</branch>
<status status="PASS" starttime="20220212 11:00:22.584" endtime="20220212 11:00:22.591"/>
</if>
<kw name="Open Browser" library="SeleniumLibrary">
<arg>browser=${BROWSER_NAME}</arg>
<arg>executable_path=${EXECDIR}${/}drivers${/}${driver_path}</arg>
<doc>Opens a new browser instance to the optional ``url``.</doc>
<msg timestamp="20220212 11:00:22.593" level="INFO">Opening browser 'edge' to base url 'None'.</msg>
<status status="PASS" starttime="20220212 11:00:22.591" endtime="20220212 11:00:28.688"/>
</kw>
<kw name="Maximize Browser Window" library="SeleniumLibrary">
<doc>Maximizes current browser window.</doc>
<status status="PASS" starttime="20220212 11:00:28.688" endtime="20220212 11:00:28.825"/>
</kw>
<kw name="Set Selenium Implicit Wait" library="SeleniumLibrary">
<arg>30s</arg>
<doc>Sets the implicit wait value used by Selenium.</doc>
<status status="PASS" starttime="20220212 11:00:28.826" endtime="20220212 11:00:28.836"/>
</kw>
<kw name="Set Screenshot Directory" library="SeleniumLibrary">
<arg>${EXECDIR}${/}screenshot</arg>
<doc>Sets the directory for captured screenshots.</doc>
<status status="PASS" starttime="20220212 11:00:28.837" endtime="20220212 11:00:28.841"/>
</kw>
<kw name="Go To" library="SeleniumLibrary">
<arg>url=${URL}</arg>
<doc>Navigates the current browser window to the provided ``url``.</doc>
<msg timestamp="20220212 11:00:28.844" level="INFO">Opening url 'https://demo.openemr.io/b/openemr'</msg>
<status status="PASS" starttime="20220212 11:00:28.842" endtime="20220212 11:00:44.906"/>
</kw>
<status status="PASS" starttime="20220212 11:00:22.577" endtime="20220212 11:00:44.908"/>
</kw>
<kw name="Verify Invalid Credential Template">
<arg>${EMPTY}</arg>
<arg>peter123</arg>
<arg>Dutch</arg>
<arg>Invalid username or password</arg>
<kw name="Input Text" library="SeleniumLibrary">
<arg>id=authUser</arg>
<arg>${username}</arg>
<doc>Types the given ``text`` into the text field identified by ``locator``.</doc>
<msg timestamp="20220212 11:00:44.919" level="INFO">Typing text '' into text field 'id=authUser'.</msg>
<status status="PASS" starttime="20220212 11:00:44.917" endtime="20220212 11:00:45.222"/>
</kw>
<kw name="Input Password" library="SeleniumLibrary">
<arg>id=clearPass</arg>
<arg>${password}</arg>
<doc>Types the given password into the text field identified by ``locator``.</doc>
<msg timestamp="20220212 11:00:45.224" level="INFO">Typing password into text field 'id=clearPass'.</msg>
<msg timestamp="20220212 11:00:45.409" level="INFO">Temporally setting log level to: NONE</msg>
<msg timestamp="20220212 11:00:45.558" level="INFO">Log level changed from NONE to INFO.</msg>
<status status="PASS" starttime="20220212 11:00:45.223" endtime="20220212 11:00:45.558"/>
</kw>
<kw name="Select From List By Label" library="SeleniumLibrary">
<arg>name=languageChoice</arg>
<arg>${language}</arg>
<doc>Selects options from selection list ``locator`` by ``labels``.</doc>
<msg timestamp="20220212 11:00:45.560" level="INFO">Selecting options from selection list 'name=languageChoice' by label Dutch.</msg>
<status status="PASS" starttime="20220212 11:00:45.559" endtime="20220212 11:00:45.743"/>
</kw>
<kw name="Click Element" library="SeleniumLibrary">
<arg>xpath=//button[@type='submit']</arg>
<doc>Click the element identified by ``locator``.</doc>
<msg timestamp="20220212 11:00:45.744" level="INFO">Clicking element 'xpath=//button[@type='submit']'.</msg>
<status status="PASS" starttime="20220212 11:00:45.743" endtime="20220212 11:00:49.854"/>
</kw>
<kw name="Element Should Contain" library="SeleniumLibrary">
<arg>//div[contains(text(),'Invalid')]</arg>
<arg>${expected_error}</arg>
<doc>Verifies that element ``locator`` contains text ``expected``.</doc>
<msg timestamp="20220212 11:00:49.942" level="INFO">Element '//div[contains(text(),'Invalid')]' contains text 'Invalid username or password'.</msg>
<status status="PASS" starttime="20220212 11:00:49.855" endtime="20220212 11:00:49.942"/>
</kw>
<status status="PASS" starttime="20220212 11:00:44.909" endtime="20220212 11:00:49.943"/>
</kw>
<kw name="End Browser" library="common_functionality" type="TEARDOWN">
<kw name="Close Browser" library="SeleniumLibrary">
<doc>Closes the current browser.</doc>
<status status="PASS" starttime="20220212 11:00:49.945" endtime="20220212 11:00:52.388"/>
</kw>
<status status="PASS" starttime="20220212 11:00:49.944" endtime="20220212 11:00:52.389"/>
</kw>
<status status="PASS" starttime="20220212 11:00:22.575" endtime="20220212 11:00:52.389"/>
</test>
<test id="s1-s1-s1-t4" name="TC4">
<kw name="Launch Browser" library="common_functionality" type="SETUP">
<kw name="Set Local Variable" library="BuiltIn">
<arg>${driver_path}</arg>
<arg>msedgedriver.exe</arg>
<doc>Makes a variable available everywhere within the local scope.</doc>
<msg timestamp="20220212 11:00:52.398" level="INFO">${driver_path} = msedgedriver.exe</msg>
<status status="PASS" starttime="20220212 11:00:52.394" endtime="20220212 11:00:52.399"/>
</kw>
<if>
<branch type="IF" condition="'${BROWSER_NAME}' == 'firefox'">
<kw name="Set Local Variable" library="BuiltIn">
<arg>${driver_path}</arg>
<arg>geckodriver</arg>
<doc>Makes a variable available everywhere within the local scope.</doc>
<status status="NOT RUN" starttime="20220212 11:00:52.400" endtime="20220212 11:00:52.400"/>
</kw>
<status status="NOT RUN" starttime="20220212 11:00:52.400" endtime="20220212 11:00:52.401"/>
</branch>
<branch type="ELSE IF" condition="'${BROWSER_NAME}' == 'chrome'">
<kw name="Set Local Variable" library="BuiltIn">
<arg>${driver_path}</arg>
<arg>chromedriver</arg>
<doc>Makes a variable available everywhere within the local scope.</doc>
<status status="NOT RUN" starttime="20220212 11:00:52.402" endtime="20220212 11:00:52.402"/>
</kw>
<status status="NOT RUN" starttime="20220212 11:00:52.401" endtime="20220212 11:00:52.402"/>
</branch>
<branch type="ELSE IF" condition="'${BROWSER_NAME}' == 'safari'">
<kw name="Set Local Variable" library="BuiltIn">
<arg>${driver_path}</arg>
<arg>safaridriver</arg>
<doc>Makes a variable available everywhere within the local scope.</doc>
<status status="NOT RUN" starttime="20220212 11:00:52.403" endtime="20220212 11:00:52.404"/>
</kw>
<status status="NOT RUN" starttime="20220212 11:00:52.403" endtime="20220212 11:00:52.404"/>
</branch>
<status status="PASS" starttime="20220212 11:00:52.399" endtime="20220212 11:00:52.404"/>
</if>
<kw name="Open Browser" library="SeleniumLibrary">
<arg>browser=${BROWSER_NAME}</arg>
<arg>executable_path=${EXECDIR}${/}drivers${/}${driver_path}</arg>
<doc>Opens a new browser instance to the optional ``url``.</doc>
<msg timestamp="20220212 11:00:52.408" level="INFO">Opening browser 'edge' to base url 'None'.</msg>
<status status="PASS" starttime="20220212 11:00:52.405" endtime="20220212 11:00:58.677"/>
</kw>
<kw name="Maximize Browser Window" library="SeleniumLibrary">
<doc>Maximizes current browser window.</doc>
<status status="PASS" starttime="20220212 11:00:58.677" endtime="20220212 11:00:58.820"/>
</kw>
<kw name="Set Selenium Implicit Wait" library="SeleniumLibrary">
<arg>30s</arg>
<doc>Sets the implicit wait value used by Selenium.</doc>
<status status="PASS" starttime="20220212 11:00:58.822" endtime="20220212 11:00:58.831"/>
</kw>
<kw name="Set Screenshot Directory" library="SeleniumLibrary">
<arg>${EXECDIR}${/}screenshot</arg>
<doc>Sets the directory for captured screenshots.</doc>
<status status="PASS" starttime="20220212 11:00:58.832" endtime="20220212 11:00:58.835"/>
</kw>
<kw name="Go To" library="SeleniumLibrary">
<arg>url=${URL}</arg>
<doc>Navigates the current browser window to the provided ``url``.</doc>
<msg timestamp="20220212 11:00:58.838" level="INFO">Opening url 'https://demo.openemr.io/b/openemr'</msg>
<status status="PASS" starttime="20220212 11:00:58.836" endtime="20220212 11:01:13.353"/>
</kw>
<status status="PASS" starttime="20220212 11:00:52.393" endtime="20220212 11:01:13.354"/>
</kw>
<kw name="Verify Invalid Credential Template">
<arg>peter</arg>
<arg>${EMPTY}</arg>
<arg>Greek</arg>
<arg>Invalid username or password</arg>
<kw name="Input Text" library="SeleniumLibrary">
<arg>id=authUser</arg>
<arg>${username}</arg>
<doc>Types the given ``text`` into the text field identified by ``locator``.</doc>
<msg timestamp="20220212 11:01:13.365" level="INFO">Typing text 'peter' into text field 'id=authUser'.</msg>
<status status="PASS" starttime="20220212 11:01:13.362" endtime="20220212 11:01:13.660"/>
</kw>
<kw name="Input Password" library="SeleniumLibrary">
<arg>id=clearPass</arg>
<arg>${password}</arg>
<doc>Types the given password into the text field identified by ``locator``.</doc>
<msg timestamp="20220212 11:01:13.662" level="INFO">Typing password into text field 'id=clearPass'.</msg>
<msg timestamp="20220212 11:01:13.828" level="INFO">Temporally setting log level to: NONE</msg>
<msg timestamp="20220212 11:01:13.966" level="INFO">Log level changed from NONE to INFO.</msg>
<status status="PASS" starttime="20220212 11:01:13.661" endtime="20220212 11:01:13.966"/>
</kw>
<kw name="Select From List By Label" library="SeleniumLibrary">
<arg>name=languageChoice</arg>
<arg>${language}</arg>
<doc>Selects options from selection list ``locator`` by ``labels``.</doc>
<msg timestamp="20220212 11:01:13.969" level="INFO">Selecting options from selection list 'name=languageChoice' by label Greek.</msg>
<status status="PASS" starttime="20220212 11:01:13.967" endtime="20220212 11:01:14.144"/>
</kw>
<kw name="Click Element" library="SeleniumLibrary">
<arg>xpath=//button[@type='submit']</arg>
<doc>Click the element identified by ``locator``.</doc>
<msg timestamp="20220212 11:01:14.145" level="INFO">Clicking element 'xpath=//button[@type='submit']'.</msg>
<status status="PASS" starttime="20220212 11:01:14.144" endtime="20220212 11:01:22.056"/>
</kw>
<kw name="Element Should Contain" library="SeleniumLibrary">
<arg>//div[contains(text(),'Invalid')]</arg>
<arg>${expected_error}</arg>
<doc>Verifies that element ``locator`` contains text ``expected``.</doc>
<msg timestamp="20220212 11:01:22.103" level="INFO">Element '//div[contains(text(),'Invalid')]' contains text 'Invalid username or password'.</msg>
<status status="PASS" starttime="20220212 11:01:22.056" endtime="20220212 11:01:22.104"/>
</kw>
<status status="PASS" starttime="20220212 11:01:13.355" endtime="20220212 11:01:22.104"/>
</kw>
<kw name="End Browser" library="common_functionality" type="TEARDOWN">
<kw name="Close Browser" library="SeleniumLibrary">
<doc>Closes the current browser.</doc>
<status status="PASS" starttime="20220212 11:01:22.105" endtime="20220212 11:01:24.509"/>
</kw>
<status status="PASS" starttime="20220212 11:01:22.104" endtime="20220212 11:01:24.510"/>
</kw>
<status status="PASS" starttime="20220212 11:00:52.391" endtime="20220212 11:01:24.510"/>
</test>
<doc>This suit file handles all the test case related to the
invalid credentials</doc>
<status status="PASS" starttime="20220212 10:59:01.862" endtime="20220212 11:01:24.515"/>
</suite>
<status status="PASS" starttime="20220212 10:59:01.858" endtime="20220212 11:01:24.528"/>
</suite>
<status status="PASS" starttime="20220212 10:59:01.752" endtime="20220212 11:01:24.536"/>
</suite>
<statistics>
<total>
<stat pass="4" fail="0" skip="0">All Tests</stat>
</total>
<tag>
</tag>
<suite>
<stat pass="4" fail="0" skip="0" id="s1" name="Robotic Framework">Robotic Framework</stat>
<stat pass="4" fail="0" skip="0" id="s1-s1" name="Login Suite">Robotic Framework.Login Suite</stat>
<stat pass="4" fail="0" skip="0" id="s1-s1-s1" name="Verify Invalid Credential Suite">Robotic Framework.Login Suite.Verify Invalid Credential Suite</stat>
</suite>
</statistics>
<errors>
</errors>
</robot>
